{"C:\\Users\\yonathan.kaveski\\Documents\\Training\\GitHub\\javascript\\CRUD\\src\\database\\mongodb-test.js": {"path":"C:\\Users\\yonathan.kaveski\\Documents\\Training\\GitHub\\javascript\\CRUD\\src\\database\\mongodb-test.js","statementMap":{"0":{"start":{"line":1,"column":30},"end":{"line":1,"column":62}},"1":{"start":{"line":2,"column":17},"end":{"line":2,"column":36}},"2":{"start":{"line":5,"column":19},"end":{"line":5,"column":96}},"3":{"start":{"line":6,"column":4},"end":{"line":6,"column":54}},"4":{"start":{"line":7,"column":4},"end":{"line":7,"column":17}},"5":{"start":{"line":10,"column":0},"end":{"line":10,"column":31}}},"fnMap":{"0":{"name":"initServer","decl":{"start":{"line":4,"column":15},"end":{"line":4,"column":25}},"loc":{"start":{"line":4,"column":28},"end":{"line":8,"column":1}},"line":4}},"branchMap":{},"s":{"0":1,"1":1,"2":1,"3":1,"4":1,"5":1},"f":{"0":1},"b":{},"_coverageSchema":"1a1c01bbd47fc00a2c39e90264f33305004495a9","hash":"20941b5f27d37187648fa323c63f0237ba8ba4ec"}
,"C:\\Users\\yonathan.kaveski\\Documents\\Training\\GitHub\\javascript\\CRUD\\src\\models\\user.js": {"path":"C:\\Users\\yonathan.kaveski\\Documents\\Training\\GitHub\\javascript\\CRUD\\src\\models\\user.js","statementMap":{"0":{"start":{"line":1,"column":17},"end":{"line":1,"column":36}},"1":{"start":{"line":2,"column":23},"end":{"line":2,"column":56}},"2":{"start":{"line":4,"column":13},"end":{"line":4,"column":47}},"3":{"start":{"line":6,"column":0},"end":{"line":19,"column":1}},"4":{"start":{"line":7,"column":20},"end":{"line":12,"column":6}},"5":{"start":{"line":14,"column":4},"end":{"line":18,"column":6}},"6":{"start":{"line":15,"column":8},"end":{"line":15,"column":70}},"7":{"start":{"line":17,"column":8},"end":{"line":17,"column":83}},"8":{"start":{"line":21,"column":0},"end":{"line":27,"column":1}},"9":{"start":{"line":22,"column":22},"end":{"line":22,"column":80}},"10":{"start":{"line":23,"column":4},"end":{"line":25,"column":5}},"11":{"start":{"line":24,"column":8},"end":{"line":24,"column":75}},"12":{"start":{"line":26,"column":4},"end":{"line":26,"column":68}},"13":{"start":{"line":29,"column":0},"end":{"line":36,"column":1}},"14":{"start":{"line":30,"column":30},"end":{"line":30,"column":86}},"15":{"start":{"line":31,"column":4},"end":{"line":34,"column":5}},"16":{"start":{"line":32,"column":28},"end":{"line":32,"column":97}},"17":{"start":{"line":33,"column":8},"end":{"line":33,"column":69}},"18":{"start":{"line":35,"column":4},"end":{"line":35,"column":68}},"19":{"start":{"line":38,"column":0},"end":{"line":44,"column":1}},"20":{"start":{"line":39,"column":29},"end":{"line":39,"column":62}},"21":{"start":{"line":40,"column":4},"end":{"line":42,"column":5}},"22":{"start":{"line":41,"column":8},"end":{"line":41,"column":70}},"23":{"start":{"line":43,"column":4},"end":{"line":43,"column":68}},"24":{"start":{"line":46,"column":0},"end":{"line":46,"column":21}}},"fnMap":{"0":{"name":"(anonymous_0)","decl":{"start":{"line":6,"column":18},"end":{"line":6,"column":19}},"loc":{"start":{"line":6,"column":26},"end":{"line":19,"column":1}},"line":6},"1":{"name":"(anonymous_1)","decl":{"start":{"line":14,"column":31},"end":{"line":14,"column":32}},"loc":{"start":{"line":14,"column":37},"end":{"line":16,"column":5}},"line":14},"2":{"name":"(anonymous_2)","decl":{"start":{"line":16,"column":13},"end":{"line":16,"column":14}},"loc":{"start":{"line":16,"column":18},"end":{"line":18,"column":5}},"line":16},"3":{"name":"(anonymous_3)","decl":{"start":{"line":21,"column":19},"end":{"line":21,"column":20}},"loc":{"start":{"line":21,"column":31},"end":{"line":27,"column":1}},"line":21},"4":{"name":"(anonymous_4)","decl":{"start":{"line":29,"column":18},"end":{"line":29,"column":19}},"loc":{"start":{"line":29,"column":38},"end":{"line":36,"column":1}},"line":29},"5":{"name":"(anonymous_5)","decl":{"start":{"line":38,"column":18},"end":{"line":38,"column":19}},"loc":{"start":{"line":38,"column":30},"end":{"line":44,"column":1}},"line":38}},"branchMap":{"0":{"loc":{"start":{"line":23,"column":4},"end":{"line":25,"column":5}},"type":"if","locations":[{"start":{"line":23,"column":4},"end":{"line":25,"column":5}},{"start":{},"end":{}}],"line":23},"1":{"loc":{"start":{"line":31,"column":4},"end":{"line":34,"column":5}},"type":"if","locations":[{"start":{"line":31,"column":4},"end":{"line":34,"column":5}},{"start":{},"end":{}}],"line":31},"2":{"loc":{"start":{"line":40,"column":4},"end":{"line":42,"column":5}},"type":"if","locations":[{"start":{"line":40,"column":4},"end":{"line":42,"column":5}},{"start":{},"end":{}}],"line":40}},"s":{"0":1,"1":1,"2":1,"3":1,"4":2,"5":2,"6":1,"7":1,"8":1,"9":3,"10":3,"11":2,"12":1,"13":1,"14":2,"15":2,"16":1,"17":1,"18":1,"19":1,"20":2,"21":2,"22":1,"23":1,"24":1},"f":{"0":2,"1":1,"2":1,"3":3,"4":2,"5":2},"b":{"0":[2,1],"1":[1,1],"2":[1,1]},"_coverageSchema":"1a1c01bbd47fc00a2c39e90264f33305004495a9","hash":"2200c42ffa00c990303853edf19fa034126471b0"}
,"C:\\Users\\yonathan.kaveski\\Documents\\Training\\GitHub\\javascript\\CRUD\\src\\schemas\\user-schema.js": {"path":"C:\\Users\\yonathan.kaveski\\Documents\\Training\\GitHub\\javascript\\CRUD\\src\\schemas\\user-schema.js","statementMap":{"0":{"start":{"line":1,"column":19},"end":{"line":1,"column":38}},"1":{"start":{"line":3,"column":13},"end":{"line":23,"column":1}},"2":{"start":{"line":25,"column":0},"end":{"line":25,"column":66}}},"fnMap":{},"branchMap":{},"s":{"0":1,"1":1,"2":1},"f":{},"b":{},"_coverageSchema":"1a1c01bbd47fc00a2c39e90264f33305004495a9","hash":"32d3e087e44d7c43378c7b72de37e1e86878e089"}
,"C:\\Users\\yonathan.kaveski\\Documents\\Training\\GitHub\\javascript\\CRUD\\src\\utils\\routes.js": {"path":"C:\\Users\\yonathan.kaveski\\Documents\\Training\\GitHub\\javascript\\CRUD\\src\\utils\\routes.js","statementMap":{"0":{"start":{"line":1,"column":16},"end":{"line":1,"column":34}},"1":{"start":{"line":2,"column":15},"end":{"line":2,"column":31}},"2":{"start":{"line":4,"column":13},"end":{"line":4,"column":38}},"3":{"start":{"line":6,"column":0},"end":{"line":15,"column":6}},"4":{"start":{"line":8,"column":24},"end":{"line":8,"column":56}},"5":{"start":{"line":9,"column":8},"end":{"line":9,"column":37}},"6":{"start":{"line":12,"column":25},"end":{"line":12,"column":33}},"7":{"start":{"line":13,"column":25},"end":{"line":13,"column":52}},"8":{"start":{"line":14,"column":8},"end":{"line":14,"column":54}},"9":{"start":{"line":17,"column":0},"end":{"line":36,"column":6}},"10":{"start":{"line":19,"column":23},"end":{"line":19,"column":33}},"11":{"start":{"line":20,"column":8},"end":{"line":22,"column":10}},"12":{"start":{"line":21,"column":12},"end":{"line":21,"column":52}},"13":{"start":{"line":25,"column":25},"end":{"line":25,"column":33}},"14":{"start":{"line":26,"column":23},"end":{"line":26,"column":33}},"15":{"start":{"line":27,"column":8},"end":{"line":29,"column":10}},"16":{"start":{"line":28,"column":12},"end":{"line":28,"column":52}},"17":{"start":{"line":32,"column":23},"end":{"line":32,"column":33}},"18":{"start":{"line":33,"column":8},"end":{"line":35,"column":10}},"19":{"start":{"line":34,"column":12},"end":{"line":34,"column":52}},"20":{"start":{"line":38,"column":0},"end":{"line":38,"column":23}}},"fnMap":{"0":{"name":"(anonymous_0)","decl":{"start":{"line":7,"column":9},"end":{"line":7,"column":10}},"loc":{"start":{"line":7,"column":30},"end":{"line":10,"column":5}},"line":7},"1":{"name":"(anonymous_1)","decl":{"start":{"line":11,"column":10},"end":{"line":11,"column":11}},"loc":{"start":{"line":11,"column":30},"end":{"line":15,"column":5}},"line":11},"2":{"name":"(anonymous_2)","decl":{"start":{"line":18,"column":9},"end":{"line":18,"column":10}},"loc":{"start":{"line":18,"column":23},"end":{"line":23,"column":5}},"line":18},"3":{"name":"(anonymous_3)","decl":{"start":{"line":20,"column":34},"end":{"line":20,"column":35}},"loc":{"start":{"line":20,"column":43},"end":{"line":22,"column":9}},"line":20},"4":{"name":"(anonymous_4)","decl":{"start":{"line":24,"column":11},"end":{"line":24,"column":12}},"loc":{"start":{"line":24,"column":25},"end":{"line":30,"column":5}},"line":24},"5":{"name":"(anonymous_5)","decl":{"start":{"line":27,"column":39},"end":{"line":27,"column":40}},"loc":{"start":{"line":27,"column":48},"end":{"line":29,"column":9}},"line":27},"6":{"name":"(anonymous_6)","decl":{"start":{"line":31,"column":12},"end":{"line":31,"column":13}},"loc":{"start":{"line":31,"column":26},"end":{"line":36,"column":5}},"line":31},"7":{"name":"(anonymous_7)","decl":{"start":{"line":33,"column":33},"end":{"line":33,"column":34}},"loc":{"start":{"line":33,"column":42},"end":{"line":35,"column":9}},"line":33}},"branchMap":{},"s":{"0":1,"1":1,"2":1,"3":1,"4":1,"5":1,"6":2,"7":2,"8":2,"9":1,"10":3,"11":3,"12":3,"13":2,"14":2,"15":2,"16":2,"17":2,"18":2,"19":2,"20":1},"f":{"0":1,"1":2,"2":3,"3":3,"4":2,"5":2,"6":2,"7":2},"b":{},"_coverageSchema":"1a1c01bbd47fc00a2c39e90264f33305004495a9","hash":"6d256cb905ccf49f9367b8197c0346e8e8ab0b8f"}
,"C:\\Users\\yonathan.kaveski\\Documents\\Training\\GitHub\\javascript\\CRUD\\src\\utils\\server.js": {"path":"C:\\Users\\yonathan.kaveski\\Documents\\Training\\GitHub\\javascript\\CRUD\\src\\utils\\server.js","statementMap":{"0":{"start":{"line":1,"column":16},"end":{"line":1,"column":34}},"1":{"start":{"line":2,"column":15},"end":{"line":2,"column":34}},"2":{"start":{"line":3,"column":12},"end":{"line":3,"column":21}},"3":{"start":{"line":5,"column":0},"end":{"line":5,"column":23}},"4":{"start":{"line":6,"column":0},"end":{"line":9,"column":2}},"5":{"start":{"line":7,"column":4},"end":{"line":7,"column":53}},"6":{"start":{"line":8,"column":4},"end":{"line":8,"column":10}},"7":{"start":{"line":10,"column":0},"end":{"line":12,"column":2}},"8":{"start":{"line":11,"column":4},"end":{"line":11,"column":45}},"9":{"start":{"line":13,"column":0},"end":{"line":13,"column":24}},"10":{"start":{"line":14,"column":0},"end":{"line":16,"column":2}},"11":{"start":{"line":15,"column":4},"end":{"line":15,"column":21}},"12":{"start":{"line":18,"column":0},"end":{"line":18,"column":20}}},"fnMap":{"0":{"name":"(anonymous_0)","decl":{"start":{"line":6,"column":8},"end":{"line":6,"column":9}},"loc":{"start":{"line":6,"column":29},"end":{"line":9,"column":1}},"line":6},"1":{"name":"(anonymous_1)","decl":{"start":{"line":10,"column":13},"end":{"line":10,"column":14}},"loc":{"start":{"line":10,"column":28},"end":{"line":12,"column":1}},"line":10},"2":{"name":"(anonymous_2)","decl":{"start":{"line":14,"column":8},"end":{"line":14,"column":9}},"loc":{"start":{"line":14,"column":23},"end":{"line":16,"column":1}},"line":14}},"branchMap":{},"s":{"0":1,"1":1,"2":1,"3":1,"4":1,"5":12,"6":12,"7":1,"8":1,"9":1,"10":1,"11":1,"12":1},"f":{"0":12,"1":1,"2":1},"b":{},"_coverageSchema":"1a1c01bbd47fc00a2c39e90264f33305004495a9","hash":"46a544190dce730910c7f16de5c767d1b9b24f4a"}
}
