TN:
SF:src\database\mongodb-test.js
FN:4,initServer
FNF:1
FNH:1
FNDA:1,initServer
DA:1,1
DA:2,1
DA:5,1
DA:6,1
DA:7,1
DA:10,1
LF:6
LH:6
BRF:0
BRH:0
end_of_record
TN:
SF:src\models\user.js
FN:6,(anonymous_0)
FN:14,(anonymous_1)
FN:16,(anonymous_2)
FN:21,(anonymous_3)
FN:29,(anonymous_4)
FN:38,(anonymous_5)
FNF:6
FNH:6
FNDA:2,(anonymous_0)
FNDA:1,(anonymous_1)
FNDA:1,(anonymous_2)
FNDA:3,(anonymous_3)
FNDA:2,(anonymous_4)
FNDA:2,(anonymous_5)
DA:1,1
DA:2,1
DA:4,1
DA:6,1
DA:7,2
DA:14,2
DA:15,1
DA:17,1
DA:21,1
DA:22,3
DA:23,3
DA:24,2
DA:26,1
DA:29,1
DA:30,2
DA:31,2
DA:32,1
DA:33,1
DA:35,1
DA:38,1
DA:39,2
DA:40,2
DA:41,1
DA:43,1
DA:46,1
LF:25
LH:25
BRDA:23,0,0,2
BRDA:23,0,1,1
BRDA:31,1,0,1
BRDA:31,1,1,1
BRDA:40,2,0,1
BRDA:40,2,1,1
BRF:6
BRH:6
end_of_record
TN:
SF:src\schemas\user-schema.js
FNF:0
FNH:0
DA:1,1
DA:3,1
DA:25,1
LF:3
LH:3
BRF:0
BRH:0
end_of_record
TN:
SF:src\utils\routes.js
FN:7,(anonymous_0)
FN:11,(anonymous_1)
FN:18,(anonymous_2)
FN:20,(anonymous_3)
FN:24,(anonymous_4)
FN:27,(anonymous_5)
FN:31,(anonymous_6)
FN:33,(anonymous_7)
FNF:8
FNH:8
FNDA:1,(anonymous_0)
FNDA:2,(anonymous_1)
FNDA:3,(anonymous_2)
FNDA:3,(anonymous_3)
FNDA:2,(anonymous_4)
FNDA:2,(anonymous_5)
FNDA:2,(anonymous_6)
FNDA:2,(anonymous_7)
DA:1,1
DA:2,1
DA:4,1
DA:6,1
DA:8,1
DA:9,1
DA:12,2
DA:13,2
DA:14,2
DA:17,1
DA:19,3
DA:20,3
DA:21,3
DA:25,2
DA:26,2
DA:27,2
DA:28,2
DA:32,2
DA:33,2
DA:34,2
DA:38,1
LF:21
LH:21
BRF:0
BRH:0
end_of_record
TN:
SF:src\utils\server.js
FN:6,(anonymous_0)
FN:10,(anonymous_1)
FN:14,(anonymous_2)
FNF:3
FNH:3
FNDA:12,(anonymous_0)
FNDA:1,(anonymous_1)
FNDA:1,(anonymous_2)
DA:1,1
DA:2,1
DA:3,1
DA:5,1
DA:6,1
DA:7,12
DA:8,12
DA:10,1
DA:11,1
DA:13,1
DA:14,1
DA:15,1
DA:18,1
LF:13
LH:13
BRF:0
BRH:0
end_of_record
